2018-12-10 11:06:57.711  INFO 7318 --- [main] t.a.StudentServiceMongoDbApplication     : Starting StudentServiceMongoDbApplication on EdwardLFish with PID 7318 (/home/edward/Java/Courses/Ashkelon_2018/StudentServiceMongoDB/target/classes started by edward in /home/edward/Java/Courses/Ashkelon_2018/StudentServiceMongoDB)
2018-12-10 11:06:57.714  INFO 7318 --- [main] t.a.StudentServiceMongoDbApplication     : No active profile set, falling back to default profiles: default
2018-12-10 11:06:57.764  INFO 7318 --- [main] ConfigServletWebServerApplicationContext : Refreshing org.springframework.boot.web.servlet.context.AnnotationConfigServletWebServerApplicationContext@143640d5: startup date [Mon Dec 10 11:06:57 IST 2018]; root of context hierarchy
2018-12-10 11:06:59.287  INFO 7318 --- [main] o.s.b.w.embedded.tomcat.TomcatWebServer  : Tomcat initialized with port(s): 8080 (http)
2018-12-10 11:06:59.324  INFO 7318 --- [main] o.apache.catalina.core.StandardService   : Starting service [Tomcat]
2018-12-10 11:06:59.324  INFO 7318 --- [main] org.apache.catalina.core.StandardEngine  : Starting Servlet Engine: Apache Tomcat/8.5.34
2018-12-10 11:06:59.333  INFO 7318 --- [localhost-startStop-1] o.a.catalina.core.AprLifecycleListener   : The APR based Apache Tomcat Native library which allows optimal performance in production environments was not found on the java.library.path: [/usr/java/packages/lib/amd64:/usr/lib64:/lib64:/lib:/usr/lib]
2018-12-10 11:06:59.407  INFO 7318 --- [localhost-startStop-1] o.a.c.c.C.[Tomcat].[localhost].[/]       : Initializing Spring embedded WebApplicationContext
2018-12-10 11:06:59.407  INFO 7318 --- [localhost-startStop-1] o.s.web.context.ContextLoader            : Root WebApplicationContext: initialization completed in 1643 ms
2018-12-10 11:06:59.449  INFO 7318 --- [localhost-startStop-1] o.s.b.w.servlet.ServletRegistrationBean  : Servlet dispatcherServlet mapped to [/]
2018-12-10 11:06:59.452  INFO 7318 --- [localhost-startStop-1] o.s.b.w.servlet.FilterRegistrationBean   : Mapping filter: 'characterEncodingFilter' to: [/*]
2018-12-10 11:06:59.453  INFO 7318 --- [localhost-startStop-1] o.s.b.w.servlet.FilterRegistrationBean   : Mapping filter: 'hiddenHttpMethodFilter' to: [/*]
2018-12-10 11:06:59.453  INFO 7318 --- [localhost-startStop-1] o.s.b.w.servlet.FilterRegistrationBean   : Mapping filter: 'httpPutFormContentFilter' to: [/*]
2018-12-10 11:06:59.453  INFO 7318 --- [localhost-startStop-1] o.s.b.w.servlet.FilterRegistrationBean   : Mapping filter: 'requestContextFilter' to: [/*]
2018-12-10 11:06:59.856  INFO 7318 --- [main] org.mongodb.driver.cluster               : Cluster created with settings {hosts=[ds033285.mlab.com:33285], mode=SINGLE, requiredClusterType=UNKNOWN, serverSelectionTimeout='30000 ms', maxWaitQueueSize=500}
2018-12-10 11:07:00.525  INFO 7318 --- [main] s.w.s.m.m.a.RequestMappingHandlerMapping : Mapped "{[/student],methods=[POST]}" onto public boolean telran.ashkelon2018.student.controller.StudentController.addStudent(telran.ashkelon2018.student.dto.StudentDto)
2018-12-10 11:07:00.526  INFO 7318 --- [main] s.w.s.m.m.a.RequestMappingHandlerMapping : Mapped "{[/student/{id}],methods=[DELETE]}" onto public telran.ashkelon2018.student.dto.StudentResponseDto telran.ashkelon2018.student.controller.StudentController.removeStudent(int,java.lang.String)
2018-12-10 11:07:00.526  INFO 7318 --- [main] s.w.s.m.m.a.RequestMappingHandlerMapping : Mapped "{[/student/{id}],methods=[PUT]}" onto public telran.ashkelon2018.student.dto.StudentDto telran.ashkelon2018.student.controller.StudentController.updateStudent(int,telran.ashkelon2018.student.dto.StudentEditDto,javax.servlet.http.HttpServletRequest)
2018-12-10 11:07:00.527  INFO 7318 --- [main] s.w.s.m.m.a.RequestMappingHandlerMapping : Mapped "{[/student/{id}],methods=[GET]}" onto public telran.ashkelon2018.student.dto.StudentResponseDto telran.ashkelon2018.student.controller.StudentController.getStudent(int)
2018-12-10 11:07:00.527  INFO 7318 --- [main] s.w.s.m.m.a.RequestMappingHandlerMapping : Mapped "{[/teacher/{id}],methods=[PUT]}" onto public boolean telran.ashkelon2018.student.controller.StudentController.addScore(int,telran.ashkelon2018.student.dto.ScoreDto)
2018-12-10 11:07:00.527  INFO 7318 --- [main] s.w.s.m.m.a.RequestMappingHandlerMapping : Mapped "{[/students/name/{name}],methods=[GET]}" onto public java.util.List<telran.ashkelon2018.student.dto.StudentResponseDto> telran.ashkelon2018.student.controller.StudentController.getStudentsByName(java.lang.String)
2018-12-10 11:07:00.528  INFO 7318 --- [main] s.w.s.m.m.a.RequestMappingHandlerMapping : Mapped "{[/students/score/{exam}/{minscore}],methods=[GET]}" onto public java.util.List<telran.ashkelon2018.student.dto.StudentResponseDto> telran.ashkelon2018.student.controller.StudentController.getStudentsByExam(java.lang.String,int)
2018-12-10 11:07:00.533  INFO 7318 --- [main] s.w.s.m.m.a.RequestMappingHandlerMapping : Mapped "{[/swagger-resources/configuration/security]}" onto public org.springframework.http.ResponseEntity<springfox.documentation.swagger.web.SecurityConfiguration> springfox.documentation.swagger.web.ApiResourceController.securityConfiguration()
2018-12-10 11:07:00.534  INFO 7318 --- [main] s.w.s.m.m.a.RequestMappingHandlerMapping : Mapped "{[/swagger-resources]}" onto public org.springframework.http.ResponseEntity<java.util.List<springfox.documentation.swagger.web.SwaggerResource>> springfox.documentation.swagger.web.ApiResourceController.swaggerResources()
2018-12-10 11:07:00.535  INFO 7318 --- [main] s.w.s.m.m.a.RequestMappingHandlerMapping : Mapped "{[/swagger-resources/configuration/ui]}" onto public org.springframework.http.ResponseEntity<springfox.documentation.swagger.web.UiConfiguration> springfox.documentation.swagger.web.ApiResourceController.uiConfiguration()
2018-12-10 11:07:00.540  INFO 7318 --- [main] s.w.s.m.m.a.RequestMappingHandlerMapping : Mapped "{[/error],produces=[text/html]}" onto public org.springframework.web.servlet.ModelAndView org.springframework.boot.autoconfigure.web.servlet.error.BasicErrorController.errorHtml(javax.servlet.http.HttpServletRequest,javax.servlet.http.HttpServletResponse)
2018-12-10 11:07:00.540  INFO 7318 --- [main] s.w.s.m.m.a.RequestMappingHandlerMapping : Mapped "{[/error]}" onto public org.springframework.http.ResponseEntity<java.util.Map<java.lang.String, java.lang.Object>> org.springframework.boot.autoconfigure.web.servlet.error.BasicErrorController.error(javax.servlet.http.HttpServletRequest)
2018-12-10 11:07:00.667  INFO 7318 --- [main] pertySourcedRequestMappingHandlerMapping : Mapped URL path [/v2/api-docs] onto method [public org.springframework.http.ResponseEntity<springfox.documentation.spring.web.json.Json> springfox.documentation.swagger2.web.Swagger2Controller.getDocumentation(java.lang.String,javax.servlet.http.HttpServletRequest)]
2018-12-10 11:07:00.733  INFO 7318 --- [main] o.s.w.s.handler.SimpleUrlHandlerMapping  : Mapped URL path [/**/favicon.ico] onto handler of type [class org.springframework.web.servlet.resource.ResourceHttpRequestHandler]
2018-12-10 11:07:00.873  INFO 7318 --- [main] s.w.s.m.m.a.RequestMappingHandlerAdapter : Looking for @ControllerAdvice: org.springframework.boot.web.servlet.context.AnnotationConfigServletWebServerApplicationContext@143640d5: startup date [Mon Dec 10 11:06:57 IST 2018]; root of context hierarchy
2018-12-10 11:07:00.925  INFO 7318 --- [main] o.s.w.s.handler.SimpleUrlHandlerMapping  : Mapped URL path [/webjars/**] onto handler of type [class org.springframework.web.servlet.resource.ResourceHttpRequestHandler]
2018-12-10 11:07:00.926  INFO 7318 --- [main] o.s.w.s.handler.SimpleUrlHandlerMapping  : Mapped URL path [/**] onto handler of type [class org.springframework.web.servlet.resource.ResourceHttpRequestHandler]
2018-12-10 11:07:01.001  INFO 7318 --- [cluster-ClusterId{value='5c0e2cb3de49d91c961b75d3', description='null'}-ds033285.mlab.com:33285] org.mongodb.driver.connection            : Opened connection [connectionId{localValue:1, serverValue:186482}] to ds033285.mlab.com:33285
2018-12-10 11:07:01.099  INFO 7318 --- [cluster-ClusterId{value='5c0e2cb3de49d91c961b75d3', description='null'}-ds033285.mlab.com:33285] org.mongodb.driver.cluster               : Monitor thread successfully connected to server with description ServerDescription{address=ds033285.mlab.com:33285, type=REPLICA_SET_PRIMARY, state=CONNECTED, ok=true, version=ServerVersion{versionList=[3, 6, 6]}, minWireVersion=0, maxWireVersion=6, maxDocumentSize=16777216, logicalSessionTimeoutMinutes=30, roundTripTimeNanos=97036053, setName='rs-ds033285', canonicalAddress=ds033285-a.mlab.com:33285, hosts=[ds033285-a.mlab.com:33285], passives=[], arbiters=[], primary='ds033285-a.mlab.com:33285', tagSet=TagSet{[]}, electionId=7fffffff0000000000000007, setVersion=3, lastWriteDate=Mon Dec 10 11:07:01 IST 2018, lastUpdateTimeNanos=7877581271940}
2018-12-10 11:07:01.100  INFO 7318 --- [main] o.s.j.e.a.AnnotationMBeanExporter        : Registering beans for JMX exposure on startup
2018-12-10 11:07:01.107  INFO 7318 --- [main] o.s.j.e.a.AnnotationMBeanExporter        : Bean with name 'studentServiceImpl' has been autodetected for JMX exposure
2018-12-10 11:07:01.111  INFO 7318 --- [main] o.s.j.e.a.AnnotationMBeanExporter        : Located managed bean 'studentServiceImpl': registering with JMX server as MBean [telran.ashkelon2018.student.service:name=studentServiceImpl,type=StudentServiceImpl]
2018-12-10 11:07:01.126  INFO 7318 --- [main] o.s.c.support.DefaultLifecycleProcessor  : Starting beans in phase 2147483647
2018-12-10 11:07:01.127  INFO 7318 --- [main] d.s.w.p.DocumentationPluginsBootstrapper : Context refreshed
2018-12-10 11:07:01.148  INFO 7318 --- [main] d.s.w.p.DocumentationPluginsBootstrapper : Found 1 custom documentation plugin(s)
2018-12-10 11:07:01.183  INFO 7318 --- [main] s.d.s.w.s.ApiListingReferenceScanner     : Scanning for api listing references
2018-12-10 11:07:01.375  INFO 7318 --- [main] o.s.b.w.embedded.tomcat.TomcatWebServer  : Tomcat started on port(s): 8080 (http) with context path ''
2018-12-10 11:07:01.380  INFO 7318 --- [main] t.a.StudentServiceMongoDbApplication     : Started StudentServiceMongoDbApplication in 3.985 seconds (JVM running for 4.267)
2018-12-10 11:07:32.288  INFO 7318 --- [http-nio-8080-exec-2] o.a.c.c.C.[Tomcat].[localhost].[/]       : Initializing Spring FrameworkServlet 'dispatcherServlet'
2018-12-10 11:07:32.288  INFO 7318 --- [http-nio-8080-exec-2] o.s.web.servlet.DispatcherServlet        : FrameworkServlet 'dispatcherServlet': initialization started
2018-12-10 11:07:32.302  INFO 7318 --- [http-nio-8080-exec-2] o.s.web.servlet.DispatcherServlet        : FrameworkServlet 'dispatcherServlet': initialization completed in 13 ms
2018-12-10 11:07:33.291  INFO 7318 --- [http-nio-8080-exec-2] org.mongodb.driver.connection            : Opened connection [connectionId{localValue:2, serverValue:186483}] to ds033285.mlab.com:33285
2018-12-10 11:09:22.221  INFO 7318 --- [http-nio-8080-exec-5] t.a.student.service.StudentServiceImpl   : Time stamp: 2018-12-10T11:09:21.971 duration: 250
2018-12-10 11:31:57.216  INFO 7318 --- [Thread-3] ConfigServletWebServerApplicationContext : Closing org.springframework.boot.web.servlet.context.AnnotationConfigServletWebServerApplicationContext@143640d5: startup date [Mon Dec 10 11:06:57 IST 2018]; root of context hierarchy
2018-12-10 11:31:57.219  INFO 7318 --- [Thread-3] o.s.c.support.DefaultLifecycleProcessor  : Stopping beans in phase 2147483647
2018-12-10 11:31:57.220  INFO 7318 --- [Thread-3] o.s.j.e.a.AnnotationMBeanExporter        : Unregistering JMX-exposed beans on shutdown
2018-12-10 11:31:57.220  INFO 7318 --- [Thread-3] o.s.j.e.a.AnnotationMBeanExporter        : Unregistering JMX-exposed beans
2018-12-10 11:31:57.338  WARN 7318 --- [Thread-3] org.mongodb.driver.connection            : Got socket exception on connection [connectionId{localValue:2, serverValue:186483}] to ds033285.mlab.com:33285. All connections to ds033285.mlab.com:33285 will be closed.
2018-12-10 11:31:57.338  INFO 7318 --- [Thread-3] org.mongodb.driver.connection            : Closed connection [connectionId{localValue:2, serverValue:186483}] to ds033285.mlab.com:33285 because there was a socket exception raised by this connection.
2018-12-10 11:37:40.440  INFO 7958 --- [main] t.a.StudentServiceMongoDbApplication     : Starting StudentServiceMongoDbApplication on EdwardLFish with PID 7958 (/home/edward/Java/Courses/Ashkelon_2018/StudentServiceMongoDB/target/classes started by edward in /home/edward/Java/Courses/Ashkelon_2018/StudentServiceMongoDB)
2018-12-10 11:37:40.442  INFO 7958 --- [main] t.a.StudentServiceMongoDbApplication     : No active profile set, falling back to default profiles: default
2018-12-10 11:37:40.482  INFO 7958 --- [main] ConfigServletWebServerApplicationContext : Refreshing org.springframework.boot.web.servlet.context.AnnotationConfigServletWebServerApplicationContext@657c8ad9: startup date [Mon Dec 10 11:37:40 IST 2018]; root of context hierarchy
2018-12-10 11:37:41.990  INFO 7958 --- [main] o.s.b.w.embedded.tomcat.TomcatWebServer  : Tomcat initialized with port(s): 8080 (http)
2018-12-10 11:37:42.017  INFO 7958 --- [main] o.apache.catalina.core.StandardService   : Starting service [Tomcat]
2018-12-10 11:37:42.017  INFO 7958 --- [main] org.apache.catalina.core.StandardEngine  : Starting Servlet Engine: Apache Tomcat/8.5.34
2018-12-10 11:37:42.028  INFO 7958 --- [localhost-startStop-1] o.a.catalina.core.AprLifecycleListener   : The APR based Apache Tomcat Native library which allows optimal performance in production environments was not found on the java.library.path: [/usr/java/packages/lib/amd64:/usr/lib64:/lib64:/lib:/usr/lib]
2018-12-10 11:37:42.112  INFO 7958 --- [localhost-startStop-1] o.a.c.c.C.[Tomcat].[localhost].[/]       : Initializing Spring embedded WebApplicationContext
2018-12-10 11:37:42.112  INFO 7958 --- [localhost-startStop-1] o.s.web.context.ContextLoader            : Root WebApplicationContext: initialization completed in 1630 ms
2018-12-10 11:37:42.159  INFO 7958 --- [localhost-startStop-1] o.s.b.w.servlet.ServletRegistrationBean  : Servlet dispatcherServlet mapped to [/]
2018-12-10 11:37:42.161  INFO 7958 --- [localhost-startStop-1] o.s.b.w.servlet.FilterRegistrationBean   : Mapping filter: 'characterEncodingFilter' to: [/*]
2018-12-10 11:37:42.162  INFO 7958 --- [localhost-startStop-1] o.s.b.w.servlet.FilterRegistrationBean   : Mapping filter: 'hiddenHttpMethodFilter' to: [/*]
2018-12-10 11:37:42.162  INFO 7958 --- [localhost-startStop-1] o.s.b.w.servlet.FilterRegistrationBean   : Mapping filter: 'httpPutFormContentFilter' to: [/*]
2018-12-10 11:37:42.162  INFO 7958 --- [localhost-startStop-1] o.s.b.w.servlet.FilterRegistrationBean   : Mapping filter: 'requestContextFilter' to: [/*]
2018-12-10 11:37:42.496  INFO 7958 --- [main] org.mongodb.driver.cluster               : Cluster created with settings {hosts=[ds033285.mlab.com:33285], mode=SINGLE, requiredClusterType=UNKNOWN, serverSelectionTimeout='30000 ms', maxWaitQueueSize=500}
2018-12-10 11:37:43.171  INFO 7958 --- [main] s.w.s.m.m.a.RequestMappingHandlerMapping : Mapped "{[/student],methods=[POST]}" onto public boolean telran.ashkelon2018.student.controller.StudentController.addStudent(telran.ashkelon2018.student.dto.StudentDto)
2018-12-10 11:37:43.172  INFO 7958 --- [main] s.w.s.m.m.a.RequestMappingHandlerMapping : Mapped "{[/student/{id}],methods=[DELETE]}" onto public telran.ashkelon2018.student.dto.StudentResponseDto telran.ashkelon2018.student.controller.StudentController.removeStudent(int,java.lang.String)
2018-12-10 11:37:43.172  INFO 7958 --- [main] s.w.s.m.m.a.RequestMappingHandlerMapping : Mapped "{[/student/{id}],methods=[PUT]}" onto public telran.ashkelon2018.student.dto.StudentDto telran.ashkelon2018.student.controller.StudentController.updateStudent(int,telran.ashkelon2018.student.dto.StudentEditDto,javax.servlet.http.HttpServletRequest)
2018-12-10 11:37:43.173  INFO 7958 --- [main] s.w.s.m.m.a.RequestMappingHandlerMapping : Mapped "{[/student/{id}],methods=[GET]}" onto public telran.ashkelon2018.student.dto.StudentResponseDto telran.ashkelon2018.student.controller.StudentController.getStudent(int)
2018-12-10 11:37:43.173  INFO 7958 --- [main] s.w.s.m.m.a.RequestMappingHandlerMapping : Mapped "{[/teacher/{id}],methods=[PUT]}" onto public boolean telran.ashkelon2018.student.controller.StudentController.addScore(int,telran.ashkelon2018.student.dto.ScoreDto)
2018-12-10 11:37:43.173  INFO 7958 --- [main] s.w.s.m.m.a.RequestMappingHandlerMapping : Mapped "{[/students/name/{name}],methods=[GET]}" onto public java.util.List<telran.ashkelon2018.student.dto.StudentResponseDto> telran.ashkelon2018.student.controller.StudentController.getStudentsByName(java.lang.String)
2018-12-10 11:37:43.174  INFO 7958 --- [main] s.w.s.m.m.a.RequestMappingHandlerMapping : Mapped "{[/students/score/{exam}/{minscore}],methods=[GET]}" onto public java.util.List<telran.ashkelon2018.student.dto.StudentResponseDto> telran.ashkelon2018.student.controller.StudentController.getStudentsByExam(java.lang.String,int)
2018-12-10 11:37:43.179  INFO 7958 --- [main] s.w.s.m.m.a.RequestMappingHandlerMapping : Mapped "{[/swagger-resources]}" onto public org.springframework.http.ResponseEntity<java.util.List<springfox.documentation.swagger.web.SwaggerResource>> springfox.documentation.swagger.web.ApiResourceController.swaggerResources()
2018-12-10 11:37:43.180  INFO 7958 --- [main] s.w.s.m.m.a.RequestMappingHandlerMapping : Mapped "{[/swagger-resources/configuration/ui]}" onto public org.springframework.http.ResponseEntity<springfox.documentation.swagger.web.UiConfiguration> springfox.documentation.swagger.web.ApiResourceController.uiConfiguration()
2018-12-10 11:37:43.181  INFO 7958 --- [main] s.w.s.m.m.a.RequestMappingHandlerMapping : Mapped "{[/swagger-resources/configuration/security]}" onto public org.springframework.http.ResponseEntity<springfox.documentation.swagger.web.SecurityConfiguration> springfox.documentation.swagger.web.ApiResourceController.securityConfiguration()
2018-12-10 11:37:43.186  INFO 7958 --- [main] s.w.s.m.m.a.RequestMappingHandlerMapping : Mapped "{[/error],produces=[text/html]}" onto public org.springframework.web.servlet.ModelAndView org.springframework.boot.autoconfigure.web.servlet.error.BasicErrorController.errorHtml(javax.servlet.http.HttpServletRequest,javax.servlet.http.HttpServletResponse)
2018-12-10 11:37:43.187  INFO 7958 --- [main] s.w.s.m.m.a.RequestMappingHandlerMapping : Mapped "{[/error]}" onto public org.springframework.http.ResponseEntity<java.util.Map<java.lang.String, java.lang.Object>> org.springframework.boot.autoconfigure.web.servlet.error.BasicErrorController.error(javax.servlet.http.HttpServletRequest)
2018-12-10 11:37:43.304  INFO 7958 --- [main] pertySourcedRequestMappingHandlerMapping : Mapped URL path [/v2/api-docs] onto method [public org.springframework.http.ResponseEntity<springfox.documentation.spring.web.json.Json> springfox.documentation.swagger2.web.Swagger2Controller.getDocumentation(java.lang.String,javax.servlet.http.HttpServletRequest)]
2018-12-10 11:37:43.358  INFO 7958 --- [main] o.s.w.s.handler.SimpleUrlHandlerMapping  : Mapped URL path [/**/favicon.ico] onto handler of type [class org.springframework.web.servlet.resource.ResourceHttpRequestHandler]
2018-12-10 11:37:43.472  INFO 7958 --- [main] s.w.s.m.m.a.RequestMappingHandlerAdapter : Looking for @ControllerAdvice: org.springframework.boot.web.servlet.context.AnnotationConfigServletWebServerApplicationContext@657c8ad9: startup date [Mon Dec 10 11:37:40 IST 2018]; root of context hierarchy
2018-12-10 11:37:43.516  INFO 7958 --- [main] o.s.w.s.handler.SimpleUrlHandlerMapping  : Mapped URL path [/webjars/**] onto handler of type [class org.springframework.web.servlet.resource.ResourceHttpRequestHandler]
2018-12-10 11:37:43.516  INFO 7958 --- [main] o.s.w.s.handler.SimpleUrlHandlerMapping  : Mapped URL path [/**] onto handler of type [class org.springframework.web.servlet.resource.ResourceHttpRequestHandler]
2018-12-10 11:37:43.661  INFO 7958 --- [cluster-ClusterId{value='5c0e33e6de49d91f16e4dfb7', description='null'}-ds033285.mlab.com:33285] org.mongodb.driver.connection            : Opened connection [connectionId{localValue:1, serverValue:186510}] to ds033285.mlab.com:33285
2018-12-10 11:37:43.662  INFO 7958 --- [main] o.s.j.e.a.AnnotationMBeanExporter        : Registering beans for JMX exposure on startup
2018-12-10 11:37:43.669  INFO 7958 --- [main] o.s.j.e.a.AnnotationMBeanExporter        : Bean with name 'studentServiceImpl' has been autodetected for JMX exposure
2018-12-10 11:37:43.673  INFO 7958 --- [main] o.s.j.e.a.AnnotationMBeanExporter        : Located managed bean 'studentServiceImpl': registering with JMX server as MBean [telran.ashkelon2018.student.service:name=studentServiceImpl,type=StudentServiceImpl]
2018-12-10 11:37:43.686  INFO 7958 --- [main] o.s.c.support.DefaultLifecycleProcessor  : Starting beans in phase 2147483647
2018-12-10 11:37:43.687  INFO 7958 --- [main] d.s.w.p.DocumentationPluginsBootstrapper : Context refreshed
2018-12-10 11:37:43.703  INFO 7958 --- [main] d.s.w.p.DocumentationPluginsBootstrapper : Found 1 custom documentation plugin(s)
2018-12-10 11:37:43.728  INFO 7958 --- [main] s.d.s.w.s.ApiListingReferenceScanner     : Scanning for api listing references
2018-12-10 11:37:43.769  INFO 7958 --- [cluster-ClusterId{value='5c0e33e6de49d91f16e4dfb7', description='null'}-ds033285.mlab.com:33285] org.mongodb.driver.cluster               : Monitor thread successfully connected to server with description ServerDescription{address=ds033285.mlab.com:33285, type=REPLICA_SET_PRIMARY, state=CONNECTED, ok=true, version=ServerVersion{versionList=[3, 6, 6]}, minWireVersion=0, maxWireVersion=6, maxDocumentSize=16777216, logicalSessionTimeoutMinutes=30, roundTripTimeNanos=106420500, setName='rs-ds033285', canonicalAddress=ds033285-a.mlab.com:33285, hosts=[ds033285-a.mlab.com:33285], passives=[], arbiters=[], primary='ds033285-a.mlab.com:33285', tagSet=TagSet{[]}, electionId=7fffffff0000000000000007, setVersion=3, lastWriteDate=Mon Dec 10 11:37:43 IST 2018, lastUpdateTimeNanos=9720251466895}
2018-12-10 11:37:43.892  INFO 7958 --- [main] o.s.b.w.embedded.tomcat.TomcatWebServer  : Tomcat started on port(s): 8080 (http) with context path ''
2018-12-10 11:37:43.895  INFO 7958 --- [main] t.a.StudentServiceMongoDbApplication     : Started StudentServiceMongoDbApplication in 3.765 seconds (JVM running for 4.039)
2018-12-10 11:38:31.714  INFO 7958 --- [http-nio-8080-exec-2] o.a.c.c.C.[Tomcat].[localhost].[/]       : Initializing Spring FrameworkServlet 'dispatcherServlet'
2018-12-10 11:38:31.714  INFO 7958 --- [http-nio-8080-exec-2] o.s.web.servlet.DispatcherServlet        : FrameworkServlet 'dispatcherServlet': initialization started
2018-12-10 11:38:31.727  INFO 7958 --- [http-nio-8080-exec-2] o.s.web.servlet.DispatcherServlet        : FrameworkServlet 'dispatcherServlet': initialization completed in 13 ms
2018-12-10 11:38:32.669  INFO 7958 --- [http-nio-8080-exec-2] org.mongodb.driver.connection            : Opened connection [connectionId{localValue:2, serverValue:186511}] to ds033285.mlab.com:33285
2018-12-10 11:38:33.007  INFO 7958 --- [http-nio-8080-exec-2] t.a.student.service.StudentServiceImpl   : Time of start: 2018-12-10T11:38:31.819 duration: 1187
2018-12-10 11:53:09.290  INFO 7958 --- [Thread-3] ConfigServletWebServerApplicationContext : Closing org.springframework.boot.web.servlet.context.AnnotationConfigServletWebServerApplicationContext@657c8ad9: startup date [Mon Dec 10 11:37:40 IST 2018]; root of context hierarchy
2018-12-10 11:53:09.302  INFO 7958 --- [Thread-3] o.s.c.support.DefaultLifecycleProcessor  : Stopping beans in phase 2147483647
2018-12-10 11:53:09.305  INFO 7958 --- [Thread-3] o.s.j.e.a.AnnotationMBeanExporter        : Unregistering JMX-exposed beans on shutdown
2018-12-10 11:53:09.308  INFO 7958 --- [Thread-3] o.s.j.e.a.AnnotationMBeanExporter        : Unregistering JMX-exposed beans
2018-12-10 11:53:09.356  WARN 7958 --- [Thread-3] org.mongodb.driver.connection            : Got socket exception on connection [connectionId{localValue:2, serverValue:186511}] to ds033285.mlab.com:33285. All connections to ds033285.mlab.com:33285 will be closed.
2018-12-10 11:53:09.357  INFO 7958 --- [Thread-3] org.mongodb.driver.connection            : Closed connection [connectionId{localValue:2, serverValue:186511}] to ds033285.mlab.com:33285 because there was a socket exception raised by this connection.
